# JRE version: OpenJDK Runtime Environment Temurin-17.0.13+11 (17.0.13+11) (build 17.0.13+11)
# Java VM: OpenJDK 64-Bit Server VM Temurin-17.0.13+11 (17.0.13+11, mixed mode, tiered, compressed oops, compressed class ptrs, parallel gc, windows-amd64)
GC Precious Log:
 CPUs: 16 total, 16 available
 Memory: 32431M
 Large Page Support: Disabled
 NUMA Support: Disabled
 Compressed Oops: Enabled (32-bit)
 Alignments: Space 512K, Generation 512K, Heap 2M
 Heap Min Capacity: 100M
 Heap Initial Capacity: 100M
 Heap Max Capacity: 1G
 Pre-touch: Disabled
 Parallel Workers: 13
Heap:
 PSYoungGen      total 7168K, used 6202K [0x00000000eab00000, 0x00000000eb500000, 0x0000000100000000)
  eden space 5120K, 81% used [0x00000000eab00000,0x00000000eaf12780,0x00000000eb000000)
  from space 2048K, 99% used [0x00000000eb000000,0x00000000eb1fc090,0x00000000eb200000)
  to   space 2560K, 0% used [0x00000000eb280000,0x00000000eb280000,0x00000000eb500000)
 ParOldGen       total 162816K, used 114714K [0x00000000c0000000, 0x00000000c9f00000, 0x00000000eab00000)
  object space 162816K, 70% used [0x00000000c0000000,0x00000000c70068a8,0x00000000c9f00000)
 Metaspace       used 87933K, committed 89280K, reserved 1179648K
  class space    used 9024K, committed 9600K, reserved 1048576K
GC Heap History (20 events):
Event: 2690.460 GC heap before
{Heap before GC invocations=387 (full 12):
 PSYoungGen      total 10752K, used 10736K [0x00000000eab00000, 0x00000000ebb00000, 0x0000000100000000)
  eden space 6144K, 100% used [0x00000000eab00000,0x00000000eb100000,0x00000000eb100000)
  from space 4608K, 99% used [0x00000000eb100000,0x00000000eb57c190,0x00000000eb580000)
  to   space 5120K, 0% used [0x00000000eb600000,0x00000000eb600000,0x00000000ebb00000)
 ParOldGen       total 162816K, used 111240K [0x00000000c0000000, 0x00000000c9f00000, 0x00000000eab00000)
  object space 162816K, 68% used [0x00000000c0000000,0x00000000c6ca2088,0x00000000c9f00000)
 Metaspace       used 87874K, committed 89216K, reserved 1179648K
  class space    used 9024K, committed 9600K, reserved 1048576K
}
Event: 2690.463 GC heap after
{Heap after GC invocations=387 (full 12):
 PSYoungGen      total 11264K, used 4688K [0x00000000eab00000, 0x00000000ebb00000, 0x0000000100000000)
  eden space 6144K, 0% used [0x00000000eab00000,0x00000000eab00000,0x00000000eb100000)
  from space 5120K, 91% used [0x00000000eb600000,0x00000000eba94170,0x00000000ebb00000)
  to   space 5120K, 0% used [0x00000000eb100000,0x00000000eb100000,0x00000000eb600000)
 ParOldGen       total 162816K, used 111240K [0x00000000c0000000, 0x00000000c9f00000, 0x00000000eab00000)
  object space 162816K, 68% used [0x00000000c0000000,0x00000000c6ca2088,0x00000000c9f00000)
 Metaspace       used 87874K, committed 89216K, reserved 1179648K
  class space    used 9024K, committed 9600K, reserved 1048576K
}
Event: 2690.805 GC heap before
{Heap before GC invocations=388 (full 12):
 PSYoungGen      total 11264K, used 10832K [0x00000000eab00000, 0x00000000ebb00000, 0x0000000100000000)
  eden space 6144K, 100% used [0x00000000eab00000,0x00000000eb100000,0x00000000eb100000)
  from space 5120K, 91% used [0x00000000eb600000,0x00000000eba94170,0x00000000ebb00000)
  to   space 5120K, 0% used [0x00000000eb100000,0x00000000eb100000,0x00000000eb600000)
 ParOldGen       total 162816K, used 111240K [0x00000000c0000000, 0x00000000c9f00000, 0x00000000eab00000)
  object space 162816K, 68% used [0x00000000c0000000,0x00000000c6ca2088,0x00000000c9f00000)
 Metaspace       used 87874K, committed 89216K, reserved 1179648K
  class space    used 9024K, committed 9600K, reserved 1048576K
}
Event: 2690.807 GC heap after
{Heap after GC invocations=388 (full 12):
 PSYoungGen      total 10752K, used 4432K [0x00000000eab00000, 0x00000000eba00000, 0x0000000100000000)
  eden space 6144K, 0% used [0x00000000eab00000,0x00000000eab00000,0x00000000eb100000)
  from space 4608K, 96% used [0x00000000eb100000,0x00000000eb5541b0,0x00000000eb580000)
  to   space 4608K, 0% used [0x00000000eb580000,0x00000000eb580000,0x00000000eba00000)
 ParOldGen       total 162816K, used 111464K [0x00000000c0000000, 0x00000000c9f00000, 0x00000000eab00000)
  object space 162816K, 68% used [0x00000000c0000000,0x00000000c6cda088,0x00000000c9f00000)
 Metaspace       used 87874K, committed 89216K, reserved 1179648K
  class space    used 9024K, committed 9600K, reserved 1048576K
}
Event: 2691.470 GC heap before
{Heap before GC invocations=389 (full 12):
 PSYoungGen      total 10752K, used 10574K [0x00000000eab00000, 0x00000000eba00000, 0x0000000100000000)
  eden space 6144K, 99% used [0x00000000eab00000,0x00000000eb0ff988,0x00000000eb100000)
  from space 4608K, 96% used [0x00000000eb100000,0x00000000eb5541b0,0x00000000eb580000)
  to   space 4608K, 0% used [0x00000000eb580000,0x00000000eb580000,0x00000000eba00000)
 ParOldGen       total 162816K, used 111464K [0x00000000c0000000, 0x00000000c9f00000, 0x00000000eab00000)
  object space 162816K, 68% used [0x00000000c0000000,0x00000000c6cda088,0x00000000c9f00000)
 Metaspace       used 87883K, committed 89216K, reserved 1179648K
  class space    used 9024K, committed 9600K, reserved 1048576K
}
Event: 2691.471 GC heap after
{Heap after GC invocations=389 (full 12):
 PSYoungGen      total 9728K, used 3296K [0x00000000eab00000, 0x00000000eb900000, 0x0000000100000000)
  eden space 6144K, 0% used [0x00000000eab00000,0x00000000eab00000,0x00000000eb100000)
  from space 3584K, 91% used [0x00000000eb580000,0x00000000eb8b8110,0x00000000eb900000)
  to   space 4096K, 0% used [0x00000000eb100000,0x00000000eb100000,0x00000000eb500000)
 ParOldGen       total 162816K, used 112125K [0x00000000c0000000, 0x00000000c9f00000, 0x00000000eab00000)
  object space 162816K, 68% used [0x00000000c0000000,0x00000000c6d7f588,0x00000000c9f00000)
 Metaspace       used 87883K, committed 89216K, reserved 1179648K
  class space    used 9024K, committed 9600K, reserved 1048576K
}
Event: 2692.045 GC heap before
{Heap before GC invocations=390 (full 12):
 PSYoungGen      total 9728K, used 9440K [0x00000000eab00000, 0x00000000eb900000, 0x0000000100000000)
  eden space 6144K, 100% used [0x00000000eab00000,0x00000000eb100000,0x00000000eb100000)
  from space 3584K, 91% used [0x00000000eb580000,0x00000000eb8b8110,0x00000000eb900000)
  to   space 4096K, 0% used [0x00000000eb100000,0x00000000eb100000,0x00000000eb500000)
 ParOldGen       total 162816K, used 112125K [0x00000000c0000000, 0x00000000c9f00000, 0x00000000eab00000)
  object space 162816K, 68% used [0x00000000c0000000,0x00000000c6d7f588,0x00000000c9f00000)
 Metaspace       used 87919K, committed 89216K, reserved 1179648K
  class space    used 9024K, committed 9600K, reserved 1048576K
}
Event: 2692.047 GC heap after
{Heap after GC invocations=390 (full 12):
 PSYoungGen      total 10240K, used 3552K [0x00000000eab00000, 0x00000000eb900000, 0x0000000100000000)
  eden space 6144K, 0% used [0x00000000eab00000,0x00000000eab00000,0x00000000eb100000)
  from space 4096K, 86% used [0x00000000eb100000,0x00000000eb478120,0x00000000eb500000)
  to   space 4096K, 0% used [0x00000000eb500000,0x00000000eb500000,0x00000000eb900000)
 ParOldGen       total 162816K, used 112357K [0x00000000c0000000, 0x00000000c9f00000, 0x00000000eab00000)
  object space 162816K, 69% used [0x00000000c0000000,0x00000000c6db9588,0x00000000c9f00000)
 Metaspace       used 87919K, committed 89216K, reserved 1179648K
  class space    used 9024K, committed 9600K, reserved 1048576K
}
Event: 2692.207 GC heap before
{Heap before GC invocations=391 (full 12):
 PSYoungGen      total 10240K, used 9696K [0x00000000eab00000, 0x00000000eb900000, 0x0000000100000000)
  eden space 6144K, 100% used [0x00000000eab00000,0x00000000eb100000,0x00000000eb100000)
  from space 4096K, 86% used [0x00000000eb100000,0x00000000eb478120,0x00000000eb500000)
  to   space 4096K, 0% used [0x00000000eb500000,0x00000000eb500000,0x00000000eb900000)
 ParOldGen       total 162816K, used 112357K [0x00000000c0000000, 0x00000000c9f00000, 0x00000000eab00000)
  object space 162816K, 69% used [0x00000000c0000000,0x00000000c6db9588,0x00000000c9f00000)
 Metaspace       used 87920K, committed 89216K, reserved 1179648K
  class space    used 9024K, committed 9600K, reserved 1048576K
}
Event: 2692.208 GC heap after
{Heap after GC invocations=391 (full 12):
 PSYoungGen      total 9216K, used 2864K [0x00000000eab00000, 0x00000000eb800000, 0x0000000100000000)
  eden space 6144K, 0% used [0x00000000eab00000,0x00000000eab00000,0x00000000eb100000)
  from space 3072K, 93% used [0x00000000eb500000,0x00000000eb7cc0d0,0x00000000eb800000)
  to   space 3584K, 0% used [0x00000000eb100000,0x00000000eb100000,0x00000000eb480000)
 ParOldGen       total 162816K, used 113233K [0x00000000c0000000, 0x00000000c9f00000, 0x00000000eab00000)
  object space 162816K, 69% used [0x00000000c0000000,0x00000000c6e944c8,0x00000000c9f00000)
 Metaspace       used 87920K, committed 89216K, reserved 1179648K
  class space    used 9024K, committed 9600K, reserved 1048576K
}
Event: 2693.823 GC heap before
{Heap before GC invocations=392 (full 12):
 PSYoungGen      total 9216K, used 9008K [0x00000000eab00000, 0x00000000eb800000, 0x0000000100000000)
  eden space 6144K, 100% used [0x00000000eab00000,0x00000000eb100000,0x00000000eb100000)
  from space 3072K, 93% used [0x00000000eb500000,0x00000000eb7cc0d0,0x00000000eb800000)
  to   space 3584K, 0% used [0x00000000eb100000,0x00000000eb100000,0x00000000eb480000)
 ParOldGen       total 162816K, used 113233K [0x00000000c0000000, 0x00000000c9f00000, 0x00000000eab00000)
  object space 162816K, 69% used [0x00000000c0000000,0x00000000c6e944c8,0x00000000c9f00000)
 Metaspace       used 87920K, committed 89216K, reserved 1179648K
  class space    used 9024K, committed 9600K, reserved 1048576K
}
Event: 2693.824 GC heap after
{Heap after GC invocations=392 (full 12):
 PSYoungGen      total 8704K, used 2208K [0x00000000eab00000, 0x00000000eb600000, 0x0000000100000000)
  eden space 6144K, 0% used [0x00000000eab00000,0x00000000eab00000,0x00000000eb100000)
  from space 2560K, 86% used [0x00000000eb100000,0x00000000eb3280c0,0x00000000eb380000)
  to   space 2560K, 0% used [0x00000000eb380000,0x00000000eb380000,0x00000000eb600000)
 ParOldGen       total 162816K, used 113518K [0x00000000c0000000, 0x00000000c9f00000, 0x00000000eab00000)
  object space 162816K, 69% used [0x00000000c0000000,0x00000000c6edb948,0x00000000c9f00000)
 Metaspace       used 87920K, committed 89216K, reserved 1179648K
  class space    used 9024K, committed 9600K, reserved 1048576K
}
Event: 2694.231 GC heap before
{Heap before GC invocations=393 (full 12):
 PSYoungGen      total 8704K, used 8352K [0x00000000eab00000, 0x00000000eb600000, 0x0000000100000000)
  eden space 6144K, 99% used [0x00000000eab00000,0x00000000eb0ffff8,0x00000000eb100000)
  from space 2560K, 86% used [0x00000000eb100000,0x00000000eb3280c0,0x00000000eb380000)
  to   space 2560K, 0% used [0x00000000eb380000,0x00000000eb380000,0x00000000eb600000)
 ParOldGen       total 162816K, used 113518K [0x00000000c0000000, 0x00000000c9f00000, 0x00000000eab00000)
  object space 162816K, 69% used [0x00000000c0000000,0x00000000c6edb948,0x00000000c9f00000)
 Metaspace       used 87923K, committed 89216K, reserved 1179648K
  class space    used 9024K, committed 9600K, reserved 1048576K
}
Event: 2694.233 GC heap after
{Heap after GC invocations=393 (full 12):
 PSYoungGen      total 8192K, used 2544K [0x00000000eab00000, 0x00000000eb700000, 0x0000000100000000)
  eden space 5632K, 0% used [0x00000000eab00000,0x00000000eab00000,0x00000000eb080000)
  from space 2560K, 99% used [0x00000000eb380000,0x00000000eb5fc0d0,0x00000000eb600000)
  to   space 3072K, 0% used [0x00000000eb080000,0x00000000eb080000,0x00000000eb380000)
 ParOldGen       total 162816K, used 113574K [0x00000000c0000000, 0x00000000c9f00000, 0x00000000eab00000)
  object space 162816K, 69% used [0x00000000c0000000,0x00000000c6ee9948,0x00000000c9f00000)
 Metaspace       used 87923K, committed 89216K, reserved 1179648K
  class space    used 9024K, committed 9600K, reserved 1048576K
}
Event: 2706.799 GC heap before
{Heap before GC invocations=394 (full 12):
 PSYoungGen      total 8192K, used 8147K [0x00000000eab00000, 0x00000000eb700000, 0x0000000100000000)
  eden space 5632K, 99% used [0x00000000eab00000,0x00000000eb078c80,0x00000000eb080000)
  from space 2560K, 99% used [0x00000000eb380000,0x00000000eb5fc0d0,0x00000000eb600000)
  to   space 3072K, 0% used [0x00000000eb080000,0x00000000eb080000,0x00000000eb380000)
 ParOldGen       total 162816K, used 113574K [0x00000000c0000000, 0x00000000c9f00000, 0x00000000eab00000)
  object space 162816K, 69% used [0x00000000c0000000,0x00000000c6ee9948,0x00000000c9f00000)
 Metaspace       used 87923K, committed 89216K, reserved 1179648K
  class space    used 9024K, committed 9600K, reserved 1048576K
}
Event: 2706.800 GC heap after
{Heap after GC invocations=394 (full 12):
 PSYoungGen      total 7680K, used 2016K [0x00000000eab00000, 0x00000000eb580000, 0x0000000100000000)
  eden space 5632K, 0% used [0x00000000eab00000,0x00000000eab00000,0x00000000eb080000)
  from space 2048K, 98% used [0x00000000eb080000,0x00000000eb2780a0,0x00000000eb280000)
  to   space 2560K, 0% used [0x00000000eb300000,0x00000000eb300000,0x00000000eb580000)
 ParOldGen       total 162816K, used 113574K [0x00000000c0000000, 0x00000000c9f00000, 0x00000000eab00000)
  object space 162816K, 69% used [0x00000000c0000000,0x00000000c6ee9948,0x00000000c9f00000)
 Metaspace       used 87923K, committed 89216K, reserved 1179648K
  class space    used 9024K, committed 9600K, reserved 1048576K
}
Event: 2707.078 GC heap before
{Heap before GC invocations=395 (full 12):
 PSYoungGen      total 7680K, used 7648K [0x00000000eab00000, 0x00000000eb580000, 0x0000000100000000)
  eden space 5632K, 100% used [0x00000000eab00000,0x00000000eb080000,0x00000000eb080000)
  from space 2048K, 98% used [0x00000000eb080000,0x00000000eb2780a0,0x00000000eb280000)
  to   space 2560K, 0% used [0x00000000eb300000,0x00000000eb300000,0x00000000eb580000)
 ParOldGen       total 162816K, used 113574K [0x00000000c0000000, 0x00000000c9f00000, 0x00000000eab00000)
  object space 162816K, 69% used [0x00000000c0000000,0x00000000c6ee9948,0x00000000c9f00000)
 Metaspace       used 87923K, committed 89216K, reserved 1179648K
  class space    used 9024K, committed 9600K, reserved 1048576K
}
Event: 2707.080 GC heap after
{Heap after GC invocations=395 (full 12):
 PSYoungGen      total 7680K, used 2544K [0x00000000eab00000, 0x00000000eb680000, 0x0000000100000000)
  eden space 5120K, 0% used [0x00000000eab00000,0x00000000eab00000,0x00000000eb000000)
  from space 2560K, 99% used [0x00000000eb300000,0x00000000eb57c0f0,0x00000000eb580000)
  to   space 3072K, 0% used [0x00000000eb000000,0x00000000eb000000,0x00000000eb300000)
 ParOldGen       total 162816K, used 113846K [0x00000000c0000000, 0x00000000c9f00000, 0x00000000eab00000)
  object space 162816K, 69% used [0x00000000c0000000,0x00000000c6f2d968,0x00000000c9f00000)
 Metaspace       used 87923K, committed 89216K, reserved 1179648K
  class space    used 9024K, committed 9600K, reserved 1048576K
}
Event: 2707.490 GC heap before
{Heap before GC invocations=396 (full 12):
 PSYoungGen      total 7680K, used 7664K [0x00000000eab00000, 0x00000000eb680000, 0x0000000100000000)
  eden space 5120K, 100% used [0x00000000eab00000,0x00000000eb000000,0x00000000eb000000)
  from space 2560K, 99% used [0x00000000eb300000,0x00000000eb57c0f0,0x00000000eb580000)
  to   space 3072K, 0% used [0x00000000eb000000,0x00000000eb000000,0x00000000eb300000)
 ParOldGen       total 162816K, used 113846K [0x00000000c0000000, 0x00000000c9f00000, 0x00000000eab00000)
  object space 162816K, 69% used [0x00000000c0000000,0x00000000c6f2d968,0x00000000c9f00000)
 Metaspace       used 87923K, committed 89216K, reserved 1179648K
  class space    used 9024K, committed 9600K, reserved 1048576K
}
Event: 2707.491 GC heap after
{Heap after GC invocations=396 (full 12):
 PSYoungGen      total 7168K, used 2032K [0x00000000eab00000, 0x00000000eb500000, 0x0000000100000000)
  eden space 5120K, 0% used [0x00000000eab00000,0x00000000eab00000,0x00000000eb000000)
  from space 2048K, 99% used [0x00000000eb000000,0x00000000eb1fc090,0x00000000eb200000)
  to   space 2560K, 0% used [0x00000000eb280000,0x00000000eb280000,0x00000000eb500000)
 ParOldGen       total 162816K, used 114714K [0x00000000c0000000, 0x00000000c9f00000, 0x00000000eab00000)
  object space 162816K, 70% used [0x00000000c0000000,0x00000000c70068a8,0x00000000c9f00000)
 Metaspace       used 87923K, committed 89216K, reserved 1179648K
  class space    used 9024K, committed 9600K, reserved 1048576K
}

