# JRE version: OpenJDK Runtime Environment Temurin-17.0.13+11 (17.0.13+11) (build 17.0.13+11)
# Java VM: OpenJDK 64-Bit Server VM Temurin-17.0.13+11 (17.0.13+11, mixed mode, tiered, compressed oops, compressed class ptrs, parallel gc, windows-amd64)
GC Precious Log:
 CPUs: 16 total, 16 available
 Memory: 32431M
 Large Page Support: Disabled
 NUMA Support: Disabled
 Compressed Oops: Enabled (32-bit)
 Alignments: Space 512K, Generation 512K, Heap 2M
 Heap Min Capacity: 100M
 Heap Initial Capacity: 100M
 Heap Max Capacity: 1G
 Pre-touch: Disabled
 Parallel Workers: 13
Heap:
 PSYoungGen      total 47616K, used 6880K [0x00000000eab00000, 0x00000000eea00000, 0x0000000100000000)
  eden space 44032K, 7% used [0x00000000eab00000,0x00000000eae3b808,0x00000000ed600000)
  from space 3584K, 99% used [0x00000000ee680000,0x00000000ee9fcad8,0x00000000eea00000)
  to   space 6144K, 0% used [0x00000000ede00000,0x00000000ede00000,0x00000000ee400000)
 ParOldGen       total 319488K, used 224209K [0x00000000c0000000, 0x00000000d3800000, 0x00000000eab00000)
  object space 319488K, 70% used [0x00000000c0000000,0x00000000cdaf4658,0x00000000d3800000)
 Metaspace       used 83132K, committed 84480K, reserved 1179648K
  class space    used 8938K, committed 9536K, reserved 1048576K
GC Heap History (20 events):
Event: 42.859 GC heap before
{Heap before GC invocations=112 (full 8):
 PSYoungGen      total 71680K, used 71480K [0x00000000eab00000, 0x00000000f0b00000, 0x0000000100000000)
  eden space 49152K, 100% used [0x00000000eab00000,0x00000000edb00000,0x00000000edb00000)
  from space 22528K, 99% used [0x00000000ef500000,0x00000000f0ace300,0x00000000f0b00000)
  to   space 23552K, 0% used [0x00000000edd00000,0x00000000edd00000,0x00000000ef400000)
 ParOldGen       total 319488K, used 192597K [0x00000000c0000000, 0x00000000d3800000, 0x00000000eab00000)
  object space 319488K, 60% used [0x00000000c0000000,0x00000000cbc15620,0x00000000d3800000)
 Metaspace       used 76231K, committed 77504K, reserved 1179648K
  class space    used 8230K, committed 8768K, reserved 1048576K
}
Event: 42.862 GC heap after
{Heap after GC invocations=112 (full 8):
 PSYoungGen      total 72192K, used 23096K [0x00000000eab00000, 0x00000000f0880000, 0x0000000100000000)
  eden space 48640K, 0% used [0x00000000eab00000,0x00000000eab00000,0x00000000eda80000)
  from space 23552K, 98% used [0x00000000edd00000,0x00000000ef38e360,0x00000000ef400000)
  to   space 20992K, 0% used [0x00000000ef400000,0x00000000ef400000,0x00000000f0880000)
 ParOldGen       total 319488K, used 192605K [0x00000000c0000000, 0x00000000d3800000, 0x00000000eab00000)
  object space 319488K, 60% used [0x00000000c0000000,0x00000000cbc17620,0x00000000d3800000)
 Metaspace       used 76231K, committed 77504K, reserved 1179648K
  class space    used 8230K, committed 8768K, reserved 1048576K
}
Event: 48.765 GC heap before
{Heap before GC invocations=113 (full 8):
 PSYoungGen      total 72192K, used 71721K [0x00000000eab00000, 0x00000000f0880000, 0x0000000100000000)
  eden space 48640K, 99% used [0x00000000eab00000,0x00000000eda7c3b8,0x00000000eda80000)
  from space 23552K, 98% used [0x00000000edd00000,0x00000000ef38e360,0x00000000ef400000)
  to   space 20992K, 0% used [0x00000000ef400000,0x00000000ef400000,0x00000000f0880000)
 ParOldGen       total 319488K, used 192605K [0x00000000c0000000, 0x00000000d3800000, 0x00000000eab00000)
  object space 319488K, 60% used [0x00000000c0000000,0x00000000cbc17620,0x00000000d3800000)
 Metaspace       used 77657K, committed 78976K, reserved 1179648K
  class space    used 8405K, committed 9024K, reserved 1048576K
}
Event: 48.769 GC heap after
{Heap after GC invocations=113 (full 8):
 PSYoungGen      total 69120K, used 20972K [0x00000000eab00000, 0x00000000f0880000, 0x0000000100000000)
  eden space 48128K, 0% used [0x00000000eab00000,0x00000000eab00000,0x00000000eda00000)
  from space 20992K, 99% used [0x00000000ef400000,0x00000000f087b2f0,0x00000000f0880000)
  to   space 23552K, 0% used [0x00000000eda80000,0x00000000eda80000,0x00000000ef180000)
 ParOldGen       total 319488K, used 194813K [0x00000000c0000000, 0x00000000d3800000, 0x00000000eab00000)
  object space 319488K, 60% used [0x00000000c0000000,0x00000000cbe3f620,0x00000000d3800000)
 Metaspace       used 77657K, committed 78976K, reserved 1179648K
  class space    used 8405K, committed 9024K, reserved 1048576K
}
Event: 54.579 GC heap before
{Heap before GC invocations=114 (full 8):
 PSYoungGen      total 69120K, used 69100K [0x00000000eab00000, 0x00000000f0880000, 0x0000000100000000)
  eden space 48128K, 100% used [0x00000000eab00000,0x00000000eda00000,0x00000000eda00000)
  from space 20992K, 99% used [0x00000000ef400000,0x00000000f087b2f0,0x00000000f0880000)
  to   space 23552K, 0% used [0x00000000eda80000,0x00000000eda80000,0x00000000ef180000)
 ParOldGen       total 319488K, used 194813K [0x00000000c0000000, 0x00000000d3800000, 0x00000000eab00000)
  object space 319488K, 60% used [0x00000000c0000000,0x00000000cbe3f620,0x00000000d3800000)
 Metaspace       used 77982K, committed 79296K, reserved 1179648K
  class space    used 8410K, committed 9024K, reserved 1048576K
}
Event: 54.589 GC heap after
{Heap after GC invocations=114 (full 8):
 PSYoungGen      total 49152K, used 1312K [0x00000000eab00000, 0x00000000ef480000, 0x0000000100000000)
  eden space 47616K, 0% used [0x00000000eab00000,0x00000000eab00000,0x00000000ed980000)
  from space 1536K, 85% used [0x00000000eda80000,0x00000000edbc8040,0x00000000edc00000)
  to   space 9728K, 0% used [0x00000000eeb00000,0x00000000eeb00000,0x00000000ef480000)
 ParOldGen       total 319488K, used 214875K [0x00000000c0000000, 0x00000000d3800000, 0x00000000eab00000)
  object space 319488K, 67% used [0x00000000c0000000,0x00000000cd1d6c88,0x00000000d3800000)
 Metaspace       used 77982K, committed 79296K, reserved 1179648K
  class space    used 8410K, committed 9024K, reserved 1048576K
}
Event: 61.346 GC heap before
{Heap before GC invocations=115 (full 8):
 PSYoungGen      total 49152K, used 48928K [0x00000000eab00000, 0x00000000ef480000, 0x0000000100000000)
  eden space 47616K, 100% used [0x00000000eab00000,0x00000000ed980000,0x00000000ed980000)
  from space 1536K, 85% used [0x00000000eda80000,0x00000000edbc8040,0x00000000edc00000)
  to   space 9728K, 0% used [0x00000000eeb00000,0x00000000eeb00000,0x00000000ef480000)
 ParOldGen       total 319488K, used 214875K [0x00000000c0000000, 0x00000000d3800000, 0x00000000eab00000)
  object space 319488K, 67% used [0x00000000c0000000,0x00000000cd1d6c88,0x00000000d3800000)
 Metaspace       used 79080K, committed 80448K, reserved 1179648K
  class space    used 8546K, committed 9152K, reserved 1048576K
}
Event: 61.348 GC heap after
{Heap after GC invocations=115 (full 8):
 PSYoungGen      total 49152K, used 1840K [0x00000000eab00000, 0x00000000eed00000, 0x0000000100000000)
  eden space 47104K, 0% used [0x00000000eab00000,0x00000000eab00000,0x00000000ed900000)
  from space 2048K, 89% used [0x00000000eeb00000,0x00000000eeccc070,0x00000000eed00000)
  to   space 3072K, 0% used [0x00000000ee700000,0x00000000ee700000,0x00000000eea00000)
 ParOldGen       total 319488K, used 214883K [0x00000000c0000000, 0x00000000d3800000, 0x00000000eab00000)
  object space 319488K, 67% used [0x00000000c0000000,0x00000000cd1d8c88,0x00000000d3800000)
 Metaspace       used 79080K, committed 80448K, reserved 1179648K
  class space    used 8546K, committed 9152K, reserved 1048576K
}
Event: 66.205 GC heap before
{Heap before GC invocations=116 (full 8):
 PSYoungGen      total 49152K, used 48944K [0x00000000eab00000, 0x00000000eed00000, 0x0000000100000000)
  eden space 47104K, 100% used [0x00000000eab00000,0x00000000ed900000,0x00000000ed900000)
  from space 2048K, 89% used [0x00000000eeb00000,0x00000000eeccc070,0x00000000eed00000)
  to   space 3072K, 0% used [0x00000000ee700000,0x00000000ee700000,0x00000000eea00000)
 ParOldGen       total 319488K, used 214883K [0x00000000c0000000, 0x00000000d3800000, 0x00000000eab00000)
  object space 319488K, 67% used [0x00000000c0000000,0x00000000cd1d8c88,0x00000000d3800000)
 Metaspace       used 79343K, committed 80640K, reserved 1179648K
  class space    used 8547K, committed 9152K, reserved 1048576K
}
Event: 66.207 GC heap after
{Heap after GC invocations=116 (full 8):
 PSYoungGen      total 48640K, used 1712K [0x00000000eab00000, 0x00000000eeb80000, 0x0000000100000000)
  eden space 46592K, 0% used [0x00000000eab00000,0x00000000eab00000,0x00000000ed880000)
  from space 2048K, 83% used [0x00000000ee700000,0x00000000ee8ac070,0x00000000ee900000)
  to   space 2048K, 0% used [0x00000000ee980000,0x00000000ee980000,0x00000000eeb80000)
 ParOldGen       total 319488K, used 214891K [0x00000000c0000000, 0x00000000d3800000, 0x00000000eab00000)
  object space 319488K, 67% used [0x00000000c0000000,0x00000000cd1dac88,0x00000000d3800000)
 Metaspace       used 79343K, committed 80640K, reserved 1179648K
  class space    used 8547K, committed 9152K, reserved 1048576K
}
Event: 70.438 GC heap before
{Heap before GC invocations=117 (full 8):
 PSYoungGen      total 48640K, used 48304K [0x00000000eab00000, 0x00000000eeb80000, 0x0000000100000000)
  eden space 46592K, 100% used [0x00000000eab00000,0x00000000ed880000,0x00000000ed880000)
  from space 2048K, 83% used [0x00000000ee700000,0x00000000ee8ac070,0x00000000ee900000)
  to   space 2048K, 0% used [0x00000000ee980000,0x00000000ee980000,0x00000000eeb80000)
 ParOldGen       total 319488K, used 214891K [0x00000000c0000000, 0x00000000d3800000, 0x00000000eab00000)
  object space 319488K, 67% used [0x00000000c0000000,0x00000000cd1dac88,0x00000000d3800000)
 Metaspace       used 79480K, committed 80832K, reserved 1179648K
  class space    used 8548K, committed 9152K, reserved 1048576K
}
Event: 70.439 GC heap after
{Heap after GC invocations=117 (full 8):
 PSYoungGen      total 48128K, used 1696K [0x00000000eab00000, 0x00000000eeb80000, 0x0000000100000000)
  eden space 46080K, 0% used [0x00000000eab00000,0x00000000eab00000,0x00000000ed800000)
  from space 2048K, 82% used [0x00000000ee980000,0x00000000eeb28080,0x00000000eeb80000)
  to   space 2048K, 0% used [0x00000000ee780000,0x00000000ee780000,0x00000000ee980000)
 ParOldGen       total 319488K, used 214899K [0x00000000c0000000, 0x00000000d3800000, 0x00000000eab00000)
  object space 319488K, 67% used [0x00000000c0000000,0x00000000cd1dcc88,0x00000000d3800000)
 Metaspace       used 79480K, committed 80832K, reserved 1179648K
  class space    used 8548K, committed 9152K, reserved 1048576K
}
Event: 100.998 GC heap before
{Heap before GC invocations=118 (full 8):
 PSYoungGen      total 48128K, used 47776K [0x00000000eab00000, 0x00000000eeb80000, 0x0000000100000000)
  eden space 46080K, 100% used [0x00000000eab00000,0x00000000ed800000,0x00000000ed800000)
  from space 2048K, 82% used [0x00000000ee980000,0x00000000eeb28080,0x00000000eeb80000)
  to   space 2048K, 0% used [0x00000000ee780000,0x00000000ee780000,0x00000000ee980000)
 ParOldGen       total 319488K, used 214899K [0x00000000c0000000, 0x00000000d3800000, 0x00000000eab00000)
  object space 319488K, 67% used [0x00000000c0000000,0x00000000cd1dcc88,0x00000000d3800000)
 Metaspace       used 79715K, committed 81024K, reserved 1179648K
  class space    used 8552K, committed 9152K, reserved 1048576K
}
Event: 101.000 GC heap after
{Heap after GC invocations=118 (full 8):
 PSYoungGen      total 47616K, used 1840K [0x00000000eab00000, 0x00000000eea00000, 0x0000000100000000)
  eden space 45568K, 0% used [0x00000000eab00000,0x00000000eab00000,0x00000000ed780000)
  from space 2048K, 89% used [0x00000000ee780000,0x00000000ee94c070,0x00000000ee980000)
  to   space 512K, 0% used [0x00000000ee980000,0x00000000ee980000,0x00000000eea00000)
 ParOldGen       total 319488K, used 215688K [0x00000000c0000000, 0x00000000d3800000, 0x00000000eab00000)
  object space 319488K, 67% used [0x00000000c0000000,0x00000000cd2a2198,0x00000000d3800000)
 Metaspace       used 79715K, committed 81024K, reserved 1179648K
  class space    used 8552K, committed 9152K, reserved 1048576K
}
Event: 109.606 GC heap before
{Heap before GC invocations=119 (full 8):
 PSYoungGen      total 47616K, used 47408K [0x00000000eab00000, 0x00000000eea00000, 0x0000000100000000)
  eden space 45568K, 100% used [0x00000000eab00000,0x00000000ed780000,0x00000000ed780000)
  from space 2048K, 89% used [0x00000000ee780000,0x00000000ee94c070,0x00000000ee980000)
  to   space 512K, 0% used [0x00000000ee980000,0x00000000ee980000,0x00000000eea00000)
 ParOldGen       total 319488K, used 215688K [0x00000000c0000000, 0x00000000d3800000, 0x00000000eab00000)
  object space 319488K, 67% used [0x00000000c0000000,0x00000000cd2a2198,0x00000000d3800000)
 Metaspace       used 80917K, committed 82304K, reserved 1179648K
  class space    used 8710K, committed 9344K, reserved 1048576K
}
Event: 109.607 GC heap after
{Heap after GC invocations=119 (full 8):
 PSYoungGen      total 45568K, used 512K [0x00000000eab00000, 0x00000000eea00000, 0x0000000100000000)
  eden space 45056K, 0% used [0x00000000eab00000,0x00000000eab00000,0x00000000ed700000)
  from space 512K, 100% used [0x00000000ee980000,0x00000000eea00000,0x00000000eea00000)
  to   space 3584K, 0% used [0x00000000ee300000,0x00000000ee300000,0x00000000ee680000)
 ParOldGen       total 319488K, used 218376K [0x00000000c0000000, 0x00000000d3800000, 0x00000000eab00000)
  object space 319488K, 68% used [0x00000000c0000000,0x00000000cd542310,0x00000000d3800000)
 Metaspace       used 80917K, committed 82304K, reserved 1179648K
  class space    used 8710K, committed 9344K, reserved 1048576K
}
Event: 121.418 GC heap before
{Heap before GC invocations=120 (full 8):
 PSYoungGen      total 45568K, used 45568K [0x00000000eab00000, 0x00000000eea00000, 0x0000000100000000)
  eden space 45056K, 100% used [0x00000000eab00000,0x00000000ed700000,0x00000000ed700000)
  from space 512K, 100% used [0x00000000ee980000,0x00000000eea00000,0x00000000eea00000)
  to   space 3584K, 0% used [0x00000000ee300000,0x00000000ee300000,0x00000000ee680000)
 ParOldGen       total 319488K, used 218376K [0x00000000c0000000, 0x00000000d3800000, 0x00000000eab00000)
  object space 319488K, 68% used [0x00000000c0000000,0x00000000cd542310,0x00000000d3800000)
 Metaspace       used 81330K, committed 82752K, reserved 1179648K
  class space    used 8759K, committed 9408K, reserved 1048576K
}
Event: 121.421 GC heap after
{Heap after GC invocations=120 (full 8):
 PSYoungGen      total 48128K, used 3564K [0x00000000eab00000, 0x00000000eea00000, 0x0000000100000000)
  eden space 44544K, 0% used [0x00000000eab00000,0x00000000eab00000,0x00000000ed680000)
  from space 3584K, 99% used [0x00000000ee300000,0x00000000ee67b130,0x00000000ee680000)
  to   space 3584K, 0% used [0x00000000ee680000,0x00000000ee680000,0x00000000eea00000)
 ParOldGen       total 319488K, used 222745K [0x00000000c0000000, 0x00000000d3800000, 0x00000000eab00000)
  object space 319488K, 69% used [0x00000000c0000000,0x00000000cd986558,0x00000000d3800000)
 Metaspace       used 81330K, committed 82752K, reserved 1179648K
  class space    used 8759K, committed 9408K, reserved 1048576K
}
Event: 125.660 GC heap before
{Heap before GC invocations=121 (full 8):
 PSYoungGen      total 48128K, used 48108K [0x00000000eab00000, 0x00000000eea00000, 0x0000000100000000)
  eden space 44544K, 100% used [0x00000000eab00000,0x00000000ed680000,0x00000000ed680000)
  from space 3584K, 99% used [0x00000000ee300000,0x00000000ee67b130,0x00000000ee680000)
  to   space 3584K, 0% used [0x00000000ee680000,0x00000000ee680000,0x00000000eea00000)
 ParOldGen       total 319488K, used 222745K [0x00000000c0000000, 0x00000000d3800000, 0x00000000eab00000)
  object space 319488K, 69% used [0x00000000c0000000,0x00000000cd986558,0x00000000d3800000)
 Metaspace       used 83125K, committed 84480K, reserved 1179648K
  class space    used 8938K, committed 9536K, reserved 1048576K
}
Event: 125.662 GC heap after
{Heap after GC invocations=121 (full 8):
 PSYoungGen      total 47616K, used 3570K [0x00000000eab00000, 0x00000000eea00000, 0x0000000100000000)
  eden space 44032K, 0% used [0x00000000eab00000,0x00000000eab00000,0x00000000ed600000)
  from space 3584K, 99% used [0x00000000ee680000,0x00000000ee9fcad8,0x00000000eea00000)
  to   space 6144K, 0% used [0x00000000ede00000,0x00000000ede00000,0x00000000ee400000)
 ParOldGen       total 319488K, used 224209K [0x00000000c0000000, 0x00000000d3800000, 0x00000000eab00000)
  object space 319488K, 70% used [0x00000000c0000000,0x00000000cdaf4658,0x00000000d3800000)
 Metaspace       used 83125K, committed 84480K, reserved 1179648K
  class space    used 8938K, committed 9536K, reserved 1048576K
}

